# JRE version: Java(TM) SE Runtime Environment (8.0_151-b12) (build 1.8.0_151-b12)
# Java VM: Java HotSpot(TM) 64-Bit Server VM (25.151-b12 mixed mode linux-amd64 compressed oops)
Heap:
 PSYoungGen      total 305664K, used 31457K [0x00000000eab00000, 0x0000000100000000, 0x0000000100000000)
  eden space 262144K, 12% used [0x00000000eab00000,0x00000000ec9b86d0,0x00000000fab00000)
  from space 43520K, 0% used [0x00000000fd580000,0x00000000fd580000,0x0000000100000000)
  to   space 43520K, 0% used [0x00000000fab00000,0x00000000fab00000,0x00000000fd580000)
 ParOldGen       total 699392K, used 17107K [0x00000000c0000000, 0x00000000eab00000, 0x00000000eab00000)
  object space 699392K, 2% used [0x00000000c0000000,0x00000000c10b4cf8,0x00000000eab00000)
 Metaspace       used 36959K, capacity 37298K, committed 37632K, reserved 1079296K
  class space    used 6740K, capacity 6838K, committed 6912K, reserved 1048576K
GC Heap History (8 events):
Event: 0.962 GC heap before
{Heap before GC invocations=1 (full 0):
 PSYoungGen      total 305664K, used 94394K [0x00000000eab00000, 0x0000000100000000, 0x0000000100000000)
  eden space 262144K, 36% used [0x00000000eab00000,0x00000000f072ea70,0x00000000fab00000)
  from space 43520K, 0% used [0x00000000fd580000,0x00000000fd580000,0x0000000100000000)
  to   space 43520K, 0% used [0x00000000fab00000,0x00000000fab00000,0x00000000fd580000)
 ParOldGen       total 699392K, used 0K [0x00000000c0000000, 0x00000000eab00000, 0x00000000eab00000)
  object space 699392K, 0% used [0x00000000c0000000,0x00000000c0000000,0x00000000eab00000)
 Metaspace       used 20903K, capacity 21222K, committed 21296K, reserved 1067008K
  class space    used 3587K, capacity 3700K, committed 3712K, reserved 1048576K
Event: 0.971 GC heap after
Heap after GC invocations=1 (full 0):
 PSYoungGen      total 305664K, used 15659K [0x00000000eab00000, 0x0000000100000000, 0x0000000100000000)
  eden space 262144K, 0% used [0x00000000eab00000,0x00000000eab00000,0x00000000fab00000)
  from space 43520K, 35% used [0x00000000fab00000,0x00000000fba4ae50,0x00000000fd580000)
  to   space 43520K, 0% used [0x00000000fd580000,0x00000000fd580000,0x0000000100000000)
 ParOldGen       total 699392K, used 16K [0x00000000c0000000, 0x00000000eab00000, 0x00000000eab00000)
  object space 699392K, 0% used [0x00000000c0000000,0x00000000c0004000,0x00000000eab00000)
 Metaspace       used 20903K, capacity 21222K, committed 21296K, reserved 1067008K
  class space    used 3587K, capacity 3700K, committed 3712K, reserved 1048576K
}
Event: 0.971 GC heap before
{Heap before GC invocations=2 (full 1):
 PSYoungGen      total 305664K, used 15659K [0x00000000eab00000, 0x0000000100000000, 0x0000000100000000)
  eden space 262144K, 0% used [0x00000000eab00000,0x00000000eab00000,0x00000000fab00000)
  from space 43520K, 35% used [0x00000000fab00000,0x00000000fba4ae50,0x00000000fd580000)
  to   space 43520K, 0% used [0x00000000fd580000,0x00000000fd580000,0x0000000100000000)
 ParOldGen       total 699392K, used 16K [0x00000000c0000000, 0x00000000eab00000, 0x00000000eab00000)
  object space 699392K, 0% used [0x00000000c0000000,0x00000000c0004000,0x00000000eab00000)
 Metaspace       used 20903K, capacity 21222K, committed 21296K, reserved 1067008K
  class space    used 3587K, capacity 3700K, committed 3712K, reserved 1048576K
Event: 0.990 GC heap after
Heap after GC invocations=2 (full 1):
 PSYoungGen      total 305664K, used 0K [0x00000000eab00000, 0x0000000100000000, 0x0000000100000000)
  eden space 262144K, 0% used [0x00000000eab00000,0x00000000eab00000,0x00000000fab00000)
  from space 43520K, 0% used [0x00000000fab00000,0x00000000fab00000,0x00000000fd580000)
  to   space 43520K, 0% used [0x00000000fd580000,0x00000000fd580000,0x0000000100000000)
 ParOldGen       total 699392K, used 14906K [0x00000000c0000000, 0x00000000eab00000, 0x00000000eab00000)
  object space 699392K, 2% used [0x00000000c0000000,0x00000000c0e8eaf0,0x00000000eab00000)
 Metaspace       used 20903K, capacity 21222K, committed 21296K, reserved 1067008K
  class space    used 3587K, capacity 3700K, committed 3712K, reserved 1048576K
}
Event: 2.278 GC heap before
{Heap before GC invocations=3 (full 1):
 PSYoungGen      total 305664K, used 115353K [0x00000000eab00000, 0x0000000100000000, 0x0000000100000000)
  eden space 262144K, 44% used [0x00000000eab00000,0x00000000f1ba6400,0x00000000fab00000)
  from space 43520K, 0% used [0x00000000fab00000,0x00000000fab00000,0x00000000fd580000)
  to   space 43520K, 0% used [0x00000000fd580000,0x00000000fd580000,0x0000000100000000)
 ParOldGen       total 699392K, used 14906K [0x00000000c0000000, 0x00000000eab00000, 0x00000000eab00000)
  object space 699392K, 2% used [0x00000000c0000000,0x00000000c0e8eaf0,0x00000000eab00000)
 Metaspace       used 35037K, capacity 35358K, committed 35456K, reserved 1079296K
  class space    used 6156K, capacity 6234K, committed 6272K, reserved 1048576K
Event: 2.289 GC heap after
Heap after GC invocations=3 (full 1):
 PSYoungGen      total 305664K, used 14148K [0x00000000eab00000, 0x0000000100000000, 0x0000000100000000)
  eden space 262144K, 0% used [0x00000000eab00000,0x00000000eab00000,0x00000000fab00000)
  from space 43520K, 32% used [0x00000000fd580000,0x00000000fe3512a8,0x0000000100000000)
  to   space 43520K, 0% used [0x00000000fab00000,0x00000000fab00000,0x00000000fd580000)
 ParOldGen       total 699392K, used 14914K [0x00000000c0000000, 0x00000000eab00000, 0x00000000eab00000)
  object space 699392K, 2% used [0x00000000c0000000,0x00000000c0e90af0,0x00000000eab00000)
 Metaspace       used 35037K, capacity 35358K, committed 35456K, reserved 1079296K
  class space    used 6156K, capacity 6234K, committed 6272K, reserved 1048576K
}
Event: 2.289 GC heap before
{Heap before GC invocations=4 (full 2):
 PSYoungGen      total 305664K, used 14148K [0x00000000eab00000, 0x0000000100000000, 0x0000000100000000)
  eden space 262144K, 0% used [0x00000000eab00000,0x00000000eab00000,0x00000000fab00000)
  from space 43520K, 32% used [0x00000000fd580000,0x00000000fe3512a8,0x0000000100000000)
  to   space 43520K, 0% used [0x00000000fab00000,0x00000000fab00000,0x00000000fd580000)
 ParOldGen       total 699392K, used 14914K [0x00000000c0000000, 0x00000000eab00000, 0x00000000eab00000)
  object space 699392K, 2% used [0x00000000c0000000,0x00000000c0e90af0,0x00000000eab00000)
 Metaspace       used 35037K, capacity 35358K, committed 35456K, reserved 1079296K
  class space    used 6156K, capacity 6234K, committed 6272K, reserved 1048576K
Event: 2.316 GC heap after
Heap after GC invocations=4 (full 2):
 PSYoungGen      total 305664K, used 0K [0x00000000eab00000, 0x0000000100000000, 0x0000000100000000)
  eden space 262144K, 0% used [0x00000000eab00000,0x00000000eab00000,0x00000000fab00000)
  from space 43520K, 0% used [0x00000000fd580000,0x00000000fd580000,0x0000000100000000)
  to   space 43520K, 0% used [0x00000000fab00000,0x00000000fab00000,0x00000000fd580000)
 ParOldGen       total 699392K, used 17107K [0x00000000c0000000, 0x00000000eab00000, 0x00000000eab00000)
  object space 699392K, 2% used [0x00000000c0000000,0x00000000c10b4cf8,0x00000000eab00000)
 Metaspace       used 35031K, capacity 35346K, committed 35456K, reserved 1079296K
  class space    used 6155K, capacity 6230K, committed 6272K, reserved 1048576K
}

